[0m11:54:15.546080 [debug] [MainThread]: Sending event: {'category': 'dbt', 'action': 'invocation', 'label': 'start', 'context': [<snowplow_tracker.self_describing_json.SelfDescribingJson object at 0x1084393a0>, <snowplow_tracker.self_describing_json.SelfDescribingJson object at 0x108f40c50>, <snowplow_tracker.self_describing_json.SelfDescribingJson object at 0x108f40890>]}


============================== 11:54:15.550227 | 287da792-b505-4f62-90c7-194392734a90 ==============================
[0m11:54:15.550227 [info ] [MainThread]: Running with dbt=1.9.2
[0m11:54:15.550649 [debug] [MainThread]: running dbt with arguments {'printer_width': '80', 'indirect_selection': 'eager', 'log_cache_events': 'False', 'write_json': 'True', 'partial_parse': 'True', 'cache_selected_only': 'False', 'warn_error': 'None', 'debug': 'False', 'version_check': 'True', 'log_path': 'logs', 'fail_fast': 'False', 'profiles_dir': '/Users/stevensun/.dbt', 'use_colors': 'True', 'use_experimental_parser': 'False', 'empty': 'None', 'quiet': 'False', 'no_print': 'None', 'log_format': 'default', 'static_parser': 'True', 'warn_error_options': 'WarnErrorOptions(include=[], exclude=[])', 'invocation_command': 'dbt init', 'target_path': 'None', 'introspect': 'True', 'send_anonymous_usage_stats': 'True'}
[0m11:54:15.560150 [warn ] [MainThread]: [ConfigFolderDirectory]: Unable to parse logging event dictionary. Failed to parse dir field: expected string or bytes-like object, got 'PosixPath'.. Dictionary: {'dir': PosixPath('/Users/stevensun/.dbt')}
[0m11:54:15.560412 [info ] [MainThread]: Creating dbt configuration folder at 
[0m11:54:25.577564 [debug] [MainThread]: Starter project path: /Library/Frameworks/Python.framework/Versions/3.12/lib/python3.12/site-packages/dbt/include/starter_project
[0m11:54:25.591991 [info ] [MainThread]: 
Your new dbt project "ecommerce_analytics_example_project" was created!

For more information on how to configure the profiles.yml file,
please consult the dbt documentation here:

  https://docs.getdbt.com/docs/configure-your-profile

One more thing:

Need help? Don't hesitate to reach out to us via GitHub issues or on Slack:

  https://community.getdbt.com/

Happy modeling!

[0m11:54:25.592522 [info ] [MainThread]: Setting up your profile.
[0m11:56:46.703665 [info ] [MainThread]: Profile ecommerce_analytics_example_project written to /Users/stevensun/.dbt/profiles.yml using target's profile_template.yml and your supplied values. Run 'dbt debug' to validate the connection.
[0m11:56:46.761728 [debug] [MainThread]: Resource report: {"command_name": "init", "command_success": true, "command_wall_clock_time": 151.29321, "process_in_blocks": "0", "process_kernel_time": 0.185116, "process_mem_max_rss": "92160000", "process_out_blocks": "0", "process_user_time": 0.85541}
[0m11:56:46.762738 [debug] [MainThread]: Command `dbt init` succeeded at 11:56:46.762536 after 151.29 seconds
[0m11:56:46.763767 [debug] [MainThread]: Sending event: {'category': 'dbt', 'action': 'invocation', 'label': 'end', 'context': [<snowplow_tracker.self_describing_json.SelfDescribingJson object at 0x108f40bf0>, <snowplow_tracker.self_describing_json.SelfDescribingJson object at 0x1084393a0>, <snowplow_tracker.self_describing_json.SelfDescribingJson object at 0x108ecac90>]}
[0m11:56:46.764358 [debug] [MainThread]: Flushing usage events
[0m11:56:47.123544 [debug] [MainThread]: An error was encountered while trying to flush usage events
